[08/21/2022 09:40:30] Debug: Session id: 5127f73f-e9ea-4a1e-9206-29726309585b
[08/21/2022 09:40:30] Debug: Code Processor information: Name :SnowConvert, Version: 7.11.81.0
[08/21/2022 09:40:30] Debug: Getting license
[08/21/2022 09:40:30] Debug: License information
	Status: Failed
	Message: No active license available.
[08/21/2022 09:40:30] Info: Starting to validate parameters
[08/21/2022 09:40:30] Info: Parameters to validate: 
	Execution mode: Conversion
	LICENSE_KEY: a3372138-b87e-4a08-b929-3b48b24c63f1
[08/21/2022 09:40:30] Info: Validation of parameters: Success
[08/21/2022 09:40:30] Debug: Getting code descriptor
[08/21/2022 09:40:30] Debug: Code descriptor information
	Units: 51
	Units type: LOC
	All file bytes: 2141
	All found extensions: .sql,.dml,.ddl,.bteq,.btq,.fl,.fload,.ml,.mload,.mld,.tp,.tpump,.tpt
[08/21/2022 09:40:30] Debug: Calculating fingerprint
[08/21/2022 09:40:30] Debug: Fingerprint information Fingerprint(size=2141,projects=1)
[08/21/2022 09:40:30] Info: Starting to try to validate online license for execution
[08/21/2022 09:40:32] Debug: Getting license
[08/21/2022 09:40:32] Debug: License information
	Status: Failed
	Message: No active license available.
[08/21/2022 09:40:32] Debug: Starting the execution of the controller
[08/21/2022 09:40:33] Debug: Executing the worker: SnowConvert
[08/21/2022 09:40:44] Debug: Finished executing the worker: SnowConvert
[08/21/2022 09:40:46] Info: Controller execution ended
